Error checking TLS connection: Host is not running
Mon Nov 14 11:24:22 PST 2016 ./train_vr 77787 -- Cloudant noSQL (538e7925-b7f5-478b-bf75-2f292dcf642a-bluemix:d2eae1e230e961e2f1b0c6dc25e00a643d4b8a483f48468ca66466c0b4360c5f@538e7925-b7f5-478b-bf75-2f292dcf642a-bluemix.cloudant.com)
Mon Nov 14 11:24:22 PST 2016 ./train_vr 77787 -- VisualRecognition v3/2016-05-20 (https://gateway-a.watsonplatform.net/visual-recognition/api)
Mon Nov 14 11:24:22 PST 2016 ./train_vr 77787 -- START (db=rough-fog)
Mon Nov 14 11:24:22 PST 2016 ./train_vr 77787 -- Database does not exist. (rough-fog-train)
echo: No match.
Mon Nov 14 11:24:22 PST 2016 ./train_vr 77787 -- finding old (aah-rough-fog-train.*.json)
echo: No match.
Mon Nov 14 11:24:22 PST 2016 ./train_vr 77787 -- creating inventory /tmp/aah-rough-fog-train.1479139200.json
Mon Nov 14 11:24:23 PST 2016 ./train_vr 77787 -- processing /tmp/label/rough-fog/cat
Mon Nov 14 11:24:24 PST 2016 ./train_vr 77787 -- processing /tmp/label/rough-fog/david
Mon Nov 14 11:24:26 PST 2016 ./train_vr 77787 -- processing /tmp/label/rough-fog/dog
Mon Nov 14 11:24:32 PST 2016 ./train_vr 77787 -- processing /tmp/label/rough-fog/ellen
Mon Nov 14 11:24:33 PST 2016 ./train_vr 77787 -- processing /tmp/label/rough-fog/ian
Mon Nov 14 11:24:34 PST 2016 ./train_vr 77787 -- processing /tmp/label/rough-fog/keli
Mon Nov 14 11:24:34 PST 2016 ./train_vr 77787 -- processing /tmp/label/rough-fog/kitchen
Mon Nov 14 11:24:35 PST 2016 ./train_vr 77787 -- processing /tmp/label/rough-fog/person
Mon Nov 14 11:25:00 PST 2016 ./train_vr 77787 -- processing /tmp/label/rough-fog/riley
echo: No match.
echo: No match.
Mon Nov 14 11:25:02 PST 2016 ./train_vr 77787 -- batching jobs /tmp/aah-rough-fog-train.1479139200.job
Mon Nov 14 11:25:02 PST 2016 ./train_vr 77787 -- batching classes by counts ([ { "class": "keli", "count": 33, "bytes": 9670768 }, { "class": "ian", "count": 52, "bytes": 16016683 }, { "class": "riley", "count": 59, "bytes": 17447542 }, { "class": "ellen", "count": 62, "bytes": 18231544 }, { "class": "kitchen", "count": 77, "bytes": 22500030 }, { "class": "cat", "count": 100, "bytes": 29716453 }, { "class": "david", "count": 127, "bytes": 37965278 }, { "class": "dog", "count": 482, "bytes": 141992804 }, { "class": "person", "count": 1980, "bytes": 595251774 } ])
Mon Nov 14 11:25:02 PST 2016 ./train_vr 77787 -- CLASS (keli) COUNT (33)
Mon Nov 14 11:25:02 PST 2016 ./train_vr 77787 -- split size (17)
Mon Nov 14 11:25:02 PST 2016 ./train_vr 77787 -- processing (/tmp/aah-rough-fog-train.1479139200.job/keli.aa /tmp/aah-rough-fog-train.1479139200.job/keli.ab)
Mon Nov 14 11:25:02 PST 2016 ./train_vr 77787 -- creating (/tmp/aah-rough-fog-train.1479139200.job/keli.zip) from split (/tmp/aah-rough-fog-train.1479139200.job/keli.aa)
Mon Nov 14 11:25:07 PST 2016 ./train_vr 77787 -- splitting (/tmp/aah-rough-fog-train.1479139200.job/keli.zip) into (/tmp/aah-rough-fog-train.1479139200.job/keli)
Mon Nov 14 11:25:07 PST 2016 ./train_vr 77787 -- split into 1 ZIP files (/tmp/aah-rough-fog-train.1479139200.job/keli/keli1.zip)
Mon Nov 14 11:25:07 PST 2016 ./train_vr 77787 -- creating batch entry (/tmp/aah-rough-fog-train.1479139200.job/keli.aa.1.zip)
Mon Nov 14 11:25:07 PST 2016 ./train_vr 77787 -- creating (/tmp/aah-rough-fog-train.1479139200.job/keli.zip) from split (/tmp/aah-rough-fog-train.1479139200.job/keli.ab)
Mon Nov 14 11:25:12 PST 2016 ./train_vr 77787 -- splitting (/tmp/aah-rough-fog-train.1479139200.job/keli.zip) into (/tmp/aah-rough-fog-train.1479139200.job/keli)
Mon Nov 14 11:25:12 PST 2016 ./train_vr 77787 -- split into 1 ZIP files (/tmp/aah-rough-fog-train.1479139200.job/keli/keli1.zip)
Mon Nov 14 11:25:12 PST 2016 ./train_vr 77787 -- creating batch entry (/tmp/aah-rough-fog-train.1479139200.job/keli.ab.1.zip)
Mon Nov 14 11:25:12 PST 2016 ./train_vr 77787 -- CLASS (ian) COUNT (52)
Mon Nov 14 11:25:12 PST 2016 ./train_vr 77787 -- split size (26)
Mon Nov 14 11:25:12 PST 2016 ./train_vr 77787 -- processing (/tmp/aah-rough-fog-train.1479139200.job/ian.aa /tmp/aah-rough-fog-train.1479139200.job/ian.ab)
Mon Nov 14 11:25:12 PST 2016 ./train_vr 77787 -- creating (/tmp/aah-rough-fog-train.1479139200.job/ian.zip) from split (/tmp/aah-rough-fog-train.1479139200.job/ian.aa)
Mon Nov 14 11:25:20 PST 2016 ./train_vr 77787 -- splitting (/tmp/aah-rough-fog-train.1479139200.job/ian.zip) into (/tmp/aah-rough-fog-train.1479139200.job/ian)
Mon Nov 14 11:25:20 PST 2016 ./train_vr 77787 -- split into 1 ZIP files (/tmp/aah-rough-fog-train.1479139200.job/ian/ian1.zip)
Mon Nov 14 11:25:20 PST 2016 ./train_vr 77787 -- creating batch entry (/tmp/aah-rough-fog-train.1479139200.job/ian.aa.1.zip)
Mon Nov 14 11:25:20 PST 2016 ./train_vr 77787 -- creating (/tmp/aah-rough-fog-train.1479139200.job/ian.zip) from split (/tmp/aah-rough-fog-train.1479139200.job/ian.ab)
Mon Nov 14 11:25:28 PST 2016 ./train_vr 77787 -- splitting (/tmp/aah-rough-fog-train.1479139200.job/ian.zip) into (/tmp/aah-rough-fog-train.1479139200.job/ian)
Mon Nov 14 11:25:28 PST 2016 ./train_vr 77787 -- split into 1 ZIP files (/tmp/aah-rough-fog-train.1479139200.job/ian/ian1.zip)
Mon Nov 14 11:25:28 PST 2016 ./train_vr 77787 -- creating batch entry (/tmp/aah-rough-fog-train.1479139200.job/ian.ab.1.zip)
Mon Nov 14 11:25:28 PST 2016 ./train_vr 77787 -- CLASS (riley) COUNT (59)
Mon Nov 14 11:25:28 PST 2016 ./train_vr 77787 -- split size (30)
Mon Nov 14 11:25:28 PST 2016 ./train_vr 77787 -- processing (/tmp/aah-rough-fog-train.1479139200.job/riley.aa /tmp/aah-rough-fog-train.1479139200.job/riley.ab)
Mon Nov 14 11:25:28 PST 2016 ./train_vr 77787 -- creating (/tmp/aah-rough-fog-train.1479139200.job/riley.zip) from split (/tmp/aah-rough-fog-train.1479139200.job/riley.aa)
Mon Nov 14 11:25:37 PST 2016 ./train_vr 77787 -- splitting (/tmp/aah-rough-fog-train.1479139200.job/riley.zip) into (/tmp/aah-rough-fog-train.1479139200.job/riley)
Mon Nov 14 11:25:37 PST 2016 ./train_vr 77787 -- split into 1 ZIP files (/tmp/aah-rough-fog-train.1479139200.job/riley/riley1.zip)
Mon Nov 14 11:25:37 PST 2016 ./train_vr 77787 -- creating batch entry (/tmp/aah-rough-fog-train.1479139200.job/riley.aa.1.zip)
Mon Nov 14 11:25:37 PST 2016 ./train_vr 77787 -- creating (/tmp/aah-rough-fog-train.1479139200.job/riley.zip) from split (/tmp/aah-rough-fog-train.1479139200.job/riley.ab)
Mon Nov 14 11:25:45 PST 2016 ./train_vr 77787 -- splitting (/tmp/aah-rough-fog-train.1479139200.job/riley.zip) into (/tmp/aah-rough-fog-train.1479139200.job/riley)
Mon Nov 14 11:25:45 PST 2016 ./train_vr 77787 -- split into 1 ZIP files (/tmp/aah-rough-fog-train.1479139200.job/riley/riley1.zip)
Mon Nov 14 11:25:45 PST 2016 ./train_vr 77787 -- creating batch entry (/tmp/aah-rough-fog-train.1479139200.job/riley.ab.1.zip)
Mon Nov 14 11:25:46 PST 2016 ./train_vr 77787 -- CLASS (ellen) COUNT (62)
Mon Nov 14 11:25:46 PST 2016 ./train_vr 77787 -- split size (31)
Mon Nov 14 11:25:46 PST 2016 ./train_vr 77787 -- processing (/tmp/aah-rough-fog-train.1479139200.job/ellen.aa /tmp/aah-rough-fog-train.1479139200.job/ellen.ab)
Mon Nov 14 11:25:46 PST 2016 ./train_vr 77787 -- creating (/tmp/aah-rough-fog-train.1479139200.job/ellen.zip) from split (/tmp/aah-rough-fog-train.1479139200.job/ellen.aa)
Mon Nov 14 11:25:55 PST 2016 ./train_vr 77787 -- splitting (/tmp/aah-rough-fog-train.1479139200.job/ellen.zip) into (/tmp/aah-rough-fog-train.1479139200.job/ellen)
Mon Nov 14 11:25:55 PST 2016 ./train_vr 77787 -- split into 1 ZIP files (/tmp/aah-rough-fog-train.1479139200.job/ellen/ellen1.zip)
Mon Nov 14 11:25:55 PST 2016 ./train_vr 77787 -- creating batch entry (/tmp/aah-rough-fog-train.1479139200.job/ellen.aa.1.zip)
Mon Nov 14 11:25:55 PST 2016 ./train_vr 77787 -- creating (/tmp/aah-rough-fog-train.1479139200.job/ellen.zip) from split (/tmp/aah-rough-fog-train.1479139200.job/ellen.ab)
Mon Nov 14 11:26:04 PST 2016 ./train_vr 77787 -- splitting (/tmp/aah-rough-fog-train.1479139200.job/ellen.zip) into (/tmp/aah-rough-fog-train.1479139200.job/ellen)
Mon Nov 14 11:26:04 PST 2016 ./train_vr 77787 -- split into 1 ZIP files (/tmp/aah-rough-fog-train.1479139200.job/ellen/ellen1.zip)
Mon Nov 14 11:26:04 PST 2016 ./train_vr 77787 -- creating batch entry (/tmp/aah-rough-fog-train.1479139200.job/ellen.ab.1.zip)
Mon Nov 14 11:26:04 PST 2016 ./train_vr 77787 -- CLASS (kitchen) COUNT (77)
Mon Nov 14 11:26:04 PST 2016 ./train_vr 77787 -- split size (39)
Mon Nov 14 11:26:04 PST 2016 ./train_vr 77787 -- processing (/tmp/aah-rough-fog-train.1479139200.job/kitchen.aa /tmp/aah-rough-fog-train.1479139200.job/kitchen.ab)
Mon Nov 14 11:26:04 PST 2016 ./train_vr 77787 -- creating (/tmp/aah-rough-fog-train.1479139200.job/kitchen.zip) from split (/tmp/aah-rough-fog-train.1479139200.job/kitchen.aa)
Mon Nov 14 11:26:16 PST 2016 ./train_vr 77787 -- splitting (/tmp/aah-rough-fog-train.1479139200.job/kitchen.zip) into (/tmp/aah-rough-fog-train.1479139200.job/kitchen)
Mon Nov 14 11:26:16 PST 2016 ./train_vr 77787 -- split into 1 ZIP files (/tmp/aah-rough-fog-train.1479139200.job/kitchen/kitchen1.zip)
Mon Nov 14 11:26:16 PST 2016 ./train_vr 77787 -- creating batch entry (/tmp/aah-rough-fog-train.1479139200.job/kitchen.aa.1.zip)
Mon Nov 14 11:26:16 PST 2016 ./train_vr 77787 -- creating (/tmp/aah-rough-fog-train.1479139200.job/kitchen.zip) from split (/tmp/aah-rough-fog-train.1479139200.job/kitchen.ab)
Mon Nov 14 11:26:28 PST 2016 ./train_vr 77787 -- splitting (/tmp/aah-rough-fog-train.1479139200.job/kitchen.zip) into (/tmp/aah-rough-fog-train.1479139200.job/kitchen)
Mon Nov 14 11:26:28 PST 2016 ./train_vr 77787 -- split into 1 ZIP files (/tmp/aah-rough-fog-train.1479139200.job/kitchen/kitchen1.zip)
Mon Nov 14 11:26:28 PST 2016 ./train_vr 77787 -- creating batch entry (/tmp/aah-rough-fog-train.1479139200.job/kitchen.ab.1.zip)
Mon Nov 14 11:26:28 PST 2016 ./train_vr 77787 -- CLASS (cat) COUNT (100)
Mon Nov 14 11:26:28 PST 2016 ./train_vr 77787 -- split size (50)
Mon Nov 14 11:26:28 PST 2016 ./train_vr 77787 -- processing (/tmp/aah-rough-fog-train.1479139200.job/cat.aa /tmp/aah-rough-fog-train.1479139200.job/cat.ab)
Mon Nov 14 11:26:28 PST 2016 ./train_vr 77787 -- creating (/tmp/aah-rough-fog-train.1479139200.job/cat.zip) from split (/tmp/aah-rough-fog-train.1479139200.job/cat.aa)
Mon Nov 14 11:26:44 PST 2016 ./train_vr 77787 -- splitting (/tmp/aah-rough-fog-train.1479139200.job/cat.zip) into (/tmp/aah-rough-fog-train.1479139200.job/cat)
Mon Nov 14 11:26:44 PST 2016 ./train_vr 77787 -- split into 1 ZIP files (/tmp/aah-rough-fog-train.1479139200.job/cat/cat1.zip)
Mon Nov 14 11:26:44 PST 2016 ./train_vr 77787 -- creating batch entry (/tmp/aah-rough-fog-train.1479139200.job/cat.aa.1.zip)
Mon Nov 14 11:26:44 PST 2016 ./train_vr 77787 -- creating (/tmp/aah-rough-fog-train.1479139200.job/cat.zip) from split (/tmp/aah-rough-fog-train.1479139200.job/cat.ab)
Mon Nov 14 11:27:00 PST 2016 ./train_vr 77787 -- splitting (/tmp/aah-rough-fog-train.1479139200.job/cat.zip) into (/tmp/aah-rough-fog-train.1479139200.job/cat)
Mon Nov 14 11:27:00 PST 2016 ./train_vr 77787 -- split into 1 ZIP files (/tmp/aah-rough-fog-train.1479139200.job/cat/cat1.zip)
Mon Nov 14 11:27:00 PST 2016 ./train_vr 77787 -- creating batch entry (/tmp/aah-rough-fog-train.1479139200.job/cat.ab.1.zip)
Mon Nov 14 11:27:00 PST 2016 ./train_vr 77787 -- CLASS (david) COUNT (127)
Mon Nov 14 11:27:00 PST 2016 ./train_vr 77787 -- split size (64)
Mon Nov 14 11:27:00 PST 2016 ./train_vr 77787 -- processing (/tmp/aah-rough-fog-train.1479139200.job/david.aa /tmp/aah-rough-fog-train.1479139200.job/david.ab)
Mon Nov 14 11:27:00 PST 2016 ./train_vr 77787 -- creating (/tmp/aah-rough-fog-train.1479139200.job/david.zip) from split (/tmp/aah-rough-fog-train.1479139200.job/david.aa)
Mon Nov 14 11:27:21 PST 2016 ./train_vr 77787 -- splitting (/tmp/aah-rough-fog-train.1479139200.job/david.zip) into (/tmp/aah-rough-fog-train.1479139200.job/david)
Mon Nov 14 11:27:21 PST 2016 ./train_vr 77787 -- split into 1 ZIP files (/tmp/aah-rough-fog-train.1479139200.job/david/david1.zip)
Mon Nov 14 11:27:21 PST 2016 ./train_vr 77787 -- creating batch entry (/tmp/aah-rough-fog-train.1479139200.job/david.aa.1.zip)
Mon Nov 14 11:27:21 PST 2016 ./train_vr 77787 -- creating (/tmp/aah-rough-fog-train.1479139200.job/david.zip) from split (/tmp/aah-rough-fog-train.1479139200.job/david.ab)
Mon Nov 14 11:27:41 PST 2016 ./train_vr 77787 -- splitting (/tmp/aah-rough-fog-train.1479139200.job/david.zip) into (/tmp/aah-rough-fog-train.1479139200.job/david)
Mon Nov 14 11:27:41 PST 2016 ./train_vr 77787 -- split into 1 ZIP files (/tmp/aah-rough-fog-train.1479139200.job/david/david1.zip)
Mon Nov 14 11:27:41 PST 2016 ./train_vr 77787 -- creating batch entry (/tmp/aah-rough-fog-train.1479139200.job/david.ab.1.zip)
Mon Nov 14 11:27:41 PST 2016 ./train_vr 77787 -- CLASS (dog) COUNT (482)
Mon Nov 14 11:27:41 PST 2016 ./train_vr 77787 -- split size (241)
Mon Nov 14 11:27:41 PST 2016 ./train_vr 77787 -- processing (/tmp/aah-rough-fog-train.1479139200.job/dog.aa /tmp/aah-rough-fog-train.1479139200.job/dog.ab)
Mon Nov 14 11:27:41 PST 2016 ./train_vr 77787 -- creating (/tmp/aah-rough-fog-train.1479139200.job/dog.zip) from split (/tmp/aah-rough-fog-train.1479139200.job/dog.aa)
Mon Nov 14 11:29:14 PST 2016 ./train_vr 77787 -- splitting (/tmp/aah-rough-fog-train.1479139200.job/dog.zip) into (/tmp/aah-rough-fog-train.1479139200.job/dog)
Mon Nov 14 11:29:14 PST 2016 ./train_vr 77787 -- split into 1 ZIP files (/tmp/aah-rough-fog-train.1479139200.job/dog/dog1.zip)
Mon Nov 14 11:29:14 PST 2016 ./train_vr 77787 -- creating batch entry (/tmp/aah-rough-fog-train.1479139200.job/dog.aa.1.zip)
Mon Nov 14 11:29:14 PST 2016 ./train_vr 77787 -- creating (/tmp/aah-rough-fog-train.1479139200.job/dog.zip) from split (/tmp/aah-rough-fog-train.1479139200.job/dog.ab)
Mon Nov 14 11:30:49 PST 2016 ./train_vr 77787 -- splitting (/tmp/aah-rough-fog-train.1479139200.job/dog.zip) into (/tmp/aah-rough-fog-train.1479139200.job/dog)
Mon Nov 14 11:30:49 PST 2016 ./train_vr 77787 -- split into 1 ZIP files (/tmp/aah-rough-fog-train.1479139200.job/dog/dog1.zip)
Mon Nov 14 11:30:49 PST 2016 ./train_vr 77787 -- creating batch entry (/tmp/aah-rough-fog-train.1479139200.job/dog.ab.1.zip)
Mon Nov 14 11:30:49 PST 2016 ./train_vr 77787 -- CLASS (person) COUNT (1980)
Mon Nov 14 11:30:49 PST 2016 ./train_vr 77787 -- split size (990)
Mon Nov 14 11:30:49 PST 2016 ./train_vr 77787 -- processing (/tmp/aah-rough-fog-train.1479139200.job/person.aa /tmp/aah-rough-fog-train.1479139200.job/person.ab)
Mon Nov 14 11:30:49 PST 2016 ./train_vr 77787 -- creating (/tmp/aah-rough-fog-train.1479139200.job/person.zip) from split (/tmp/aah-rough-fog-train.1479139200.job/person.aa)
Mon Nov 14 11:40:30 PST 2016 ./train_vr 77787 -- splitting (/tmp/aah-rough-fog-train.1479139200.job/person.zip) into (/tmp/aah-rough-fog-train.1479139200.job/person)
Mon Nov 14 11:40:31 PST 2016 ./train_vr 77787 -- split into 3 ZIP files (/tmp/aah-rough-fog-train.1479139200.job/person/person1.zip /tmp/aah-rough-fog-train.1479139200.job/person/person2.zip /tmp/aah-rough-fog-train.1479139200.job/person/person3.zip)
Mon Nov 14 11:40:31 PST 2016 ./train_vr 77787 -- creating batch entry (/tmp/aah-rough-fog-train.1479139200.job/person.aa.1.zip)
Mon Nov 14 11:40:31 PST 2016 ./train_vr 77787 -- creating batch entry (/tmp/aah-rough-fog-train.1479139200.job/person.aa.2.zip)
Mon Nov 14 11:40:31 PST 2016 ./train_vr 77787 -- creating batch entry (/tmp/aah-rough-fog-train.1479139200.job/person.aa.3.zip)
Mon Nov 14 11:40:31 PST 2016 ./train_vr 77787 -- creating (/tmp/aah-rough-fog-train.1479139200.job/person.zip) from split (/tmp/aah-rough-fog-train.1479139200.job/person.ab)
Mon Nov 14 11:49:29 PST 2016 ./train_vr 77787 -- splitting (/tmp/aah-rough-fog-train.1479139200.job/person.zip) into (/tmp/aah-rough-fog-train.1479139200.job/person)
Mon Nov 14 11:49:30 PST 2016 ./train_vr 77787 -- split into 3 ZIP files (/tmp/aah-rough-fog-train.1479139200.job/person/person1.zip /tmp/aah-rough-fog-train.1479139200.job/person/person2.zip /tmp/aah-rough-fog-train.1479139200.job/person/person3.zip)
Mon Nov 14 11:49:30 PST 2016 ./train_vr 77787 -- creating batch entry (/tmp/aah-rough-fog-train.1479139200.job/person.ab.1.zip)
Mon Nov 14 11:49:30 PST 2016 ./train_vr 77787 -- creating batch entry (/tmp/aah-rough-fog-train.1479139200.job/person.ab.2.zip)
Mon Nov 14 11:49:30 PST 2016 ./train_vr 77787 -- creating batch entry (/tmp/aah-rough-fog-train.1479139200.job/person.ab.3.zip)
Mon Nov 14 11:49:30 PST 2016 ./train_vr 77787 -- TRAIN
echo: No match.
echo: No match.
Mon Nov 14 11:49:30 PST 2016 ./train_vr 77787 -- found inventory (/tmp/aah-rough-fog-train.1479139200.json) and job (/tmp/aah-rough-fog-train.1479139200.job)
Mon Nov 14 11:49:30 PST 2016 ./train_vr 77787 -- device (rough-fog)
Mon Nov 14 11:49:30 PST 2016 ./train_vr 77787 -- searching for classifier by device
Mon Nov 14 11:49:31 PST 2016 ./train_vr 77787 -- using roughfog_1288555148 from rough-fog for classifier by device
Mon Nov 14 11:49:31 PST 2016 ./train_vr 77787 -- CLASSIFIERS ([ { "classifier_id": "roughfog_1288555148", "name": "rough-fog", "status": "ready" } ])
Mon Nov 14 11:49:31 PST 2016 ./train_vr 77787 -- matched specified classifier (roughfog_1288555148)
Mon Nov 14 11:49:31 PST 2016 ./train_vr 77787 -- deleting classifier id (roughfog_1288555148)
{  }
Mon Nov 14 11:49:32 PST 2016 ./train_vr 77787 -- OLD (0) NEW (cat david dog ellen ian keli person riley) NEGATIVE (kitchen) +++
Mon Nov 14 11:49:32 PST 2016 ./train_vr 77787 -- CREATE rough-fog (-F keli_positive_examples=@/tmp/aah-rough-fog-train.1479139200.job/keli.aa.1.zip -F negative_examples=@/tmp/aah-rough-fog-train.1479139200.job/kitchen.aa.1.zip)
Mon Nov 14 11:49:50 PST 2016 ./train_vr 77787 -- LEARNING (roughfog_1247378820) status (training)
Mon Nov 14 11:49:50 PST 2016 ./train_vr 77787 -- WAITING .. (40 seconds)
Mon Nov 14 11:50:12 PST 2016 ./train_vr 77787 -- RETRAIN roughfog_1247378820 (-F ian_positive_examples=@/tmp/aah-rough-fog-train.1479139200.job/ian.aa.1.zip)
Mon Nov 14 11:50:22 PST 2016 ./train_vr 77787 -- LEARNING (roughfog_1247378820) status (retraining)
Mon Nov 14 11:50:22 PST 2016 ./train_vr 77787 -- WAITING .. (32 seconds)
Mon Nov 14 11:50:44 PST 2016 ./train_vr 77787 -- RETRAIN roughfog_1247378820 (-F riley_positive_examples=@/tmp/aah-rough-fog-train.1479139200.job/riley.aa.1.zip)
Mon Nov 14 11:51:02 PST 2016 ./train_vr 77787 -- LEARNING (roughfog_1247378820) status (retraining)
Mon Nov 14 11:51:02 PST 2016 ./train_vr 77787 -- WAITING .. (40 seconds)
Mon Nov 14 11:51:24 PST 2016 ./train_vr 77787 -- RETRAIN roughfog_1247378820 (-F ellen_positive_examples=@/tmp/aah-rough-fog-train.1479139200.job/ellen.aa.1.zip)
Mon Nov 14 11:51:49 PST 2016 ./train_vr 77787 -- LEARNING (roughfog_1247378820) status (retraining)
Mon Nov 14 11:51:49 PST 2016 ./train_vr 77787 -- WAITING ... (58 seconds)
Mon Nov 14 11:52:22 PST 2016 ./train_vr 77787 -- RETRAIN roughfog_1247378820 (-F cat_positive_examples=@/tmp/aah-rough-fog-train.1479139200.job/cat.aa.1.zip)
Mon Nov 14 11:52:41 PST 2016 ./train_vr 77787 -- LEARNING (roughfog_1247378820) status (retraining)
Mon Nov 14 11:52:41 PST 2016 ./train_vr 77787 -- WAITING ... (51 seconds)
Mon Nov 14 11:53:13 PST 2016 ./train_vr 77787 -- RETRAIN roughfog_1247378820 (-F david_positive_examples=@/tmp/aah-rough-fog-train.1479139200.job/david.aa.1.zip)
Mon Nov 14 11:54:02 PST 2016 ./train_vr 77787 -- LEARNING (roughfog_1247378820) status (retraining)
Mon Nov 14 11:54:02 PST 2016 ./train_vr 77787 -- WAITING .... (93 seconds)
Mon Nov 14 11:54:46 PST 2016 ./train_vr 77787 -- RETRAIN roughfog_1247378820 (-F dog_positive_examples=@/tmp/aah-rough-fog-train.1479139200.job/dog.aa.1.zip)
Mon Nov 14 11:56:02 PST 2016 ./train_vr 77787 -- LEARNING (roughfog_1247378820) status (retraining)
Mon Nov 14 11:56:02 PST 2016 ./train_vr 77787 -- WAITING ..... (130 seconds)
Mon Nov 14 11:56:56 PST 2016 ./train_vr 77787 -- RETRAIN roughfog_1247378820 (-F person_positive_examples=@/tmp/aah-rough-fog-train.1479139200.job/person.aa.1.zip)
Mon Nov 14 11:58:52 PST 2016 ./train_vr 77787 -- LEARNING (roughfog_1247378820) status (retraining)
Mon Nov 14 11:58:52 PST 2016 ./train_vr 77787 -- WAITING ........ (202 seconds)
Mon Nov 14 12:00:18 PST 2016 ./train_vr 77787 -- RETRAIN roughfog_1247378820 (-F person_positive_examples=@/tmp/aah-rough-fog-train.1479139200.job/person.aa.2.zip)
Mon Nov 14 12:02:24 PST 2016 ./train_vr 77787 -- LEARNING (roughfog_1247378820) status (retraining)
Mon Nov 14 12:02:24 PST 2016 ./train_vr 77787 -- WAITING ............ (255 seconds)
Mon Nov 14 12:04:33 PST 2016 ./train_vr 77787 -- RETRAIN roughfog_1247378820 (-F person_positive_examples=@/tmp/aah-rough-fog-train.1479139200.job/person.aa.3.zip)
Mon Nov 14 12:06:40 PST 2016 ./train_vr 77787 -- LEARNING (roughfog_1247378820) status (retraining)
Mon Nov 14 12:06:40 PST 2016 ./train_vr 77787 -- WAITING ............... (290 seconds)
Mon Nov 14 12:09:23 PST 2016 ./train_vr 77787 -- COMPLETE 1479139200 (roughfog_1247378820) ({ "classifier_id": "roughfog_1247378820", "name": "rough-fog", "owner": "6d283517-32f1-4fd4-bcf7-df0da07f4f0f", "status": "ready", "created": "2016-11-14T19:49:50.470Z", "classes": [ { "class": "cat" }, { "class": "riley" }, { "class": "keli" }, { "class": "david" }, { "class": "ian" }, { "class": "dog" }, { "class": "person" }, { "class": "ellen" } ], "retrained": "2016-11-14T20:09:04.910Z" })
Mon Nov 14 12:09:23 PST 2016 ./train_vr 77787 -- kitchen : (39)
Mon Nov 14 12:09:23 PST 2016 ./train_vr 77787 -- keli : (17)
Mon Nov 14 12:09:23 PST 2016 ./train_vr 77787 -- ian : (26)
Mon Nov 14 12:09:23 PST 2016 ./train_vr 77787 -- riley : (30)
Mon Nov 14 12:09:23 PST 2016 ./train_vr 77787 -- ellen : (31)
Mon Nov 14 12:09:23 PST 2016 ./train_vr 77787 -- cat : (50)
Mon Nov 14 12:09:23 PST 2016 ./train_vr 77787 -- david : (64)
Mon Nov 14 12:09:23 PST 2016 ./train_vr 77787 -- dog : (241)
Mon Nov 14 12:09:23 PST 2016 ./train_vr 77787 -- person : (990)
Mon Nov 14 12:09:23 PST 2016 ./train_vr 77787 -- test if device exists (538e7925-b7f5-478b-bf75-2f292dcf642a-bluemix:d2eae1e230e961e2f1b0c6dc25e00a643d4b8a483f48468ca66466c0b4360c5f@538e7925-b7f5-478b-bf75-2f292dcf642a-bluemix.cloudant.com/rough-fog-train)
Mon Nov 14 12:09:23 PST 2016 ./train_vr 77787 -- creating device 538e7925-b7f5-478b-bf75-2f292dcf642a-bluemix:d2eae1e230e961e2f1b0c6dc25e00a643d4b8a483f48468ca66466c0b4360c5f@538e7925-b7f5-478b-bf75-2f292dcf642a-bluemix.cloudant.com/rough-fog-train
Mon Nov 14 12:09:28 PST 2016 ./train_vr 77787 -- success creating device 538e7925-b7f5-478b-bf75-2f292dcf642a-bluemix:d2eae1e230e961e2f1b0c6dc25e00a643d4b8a483f48468ca66466c0b4360c5f@538e7925-b7f5-478b-bf75-2f292dcf642a-bluemix.cloudant.com/rough-fog-train
Mon Nov 14 12:09:28 PST 2016 ./train_vr 77787 -- storing new output
Mon Nov 14 12:09:29 PST 2016 ./train_vr 77787 -- success storing new output
Mon Nov 14 12:09:29 PST 2016 ./train_vr 77787 -- FINISH (-D -d /tmp)
